2025-12-16 02:20:07 packages/intent-swap/.movement/.gitignore - Modified
2025-12-16 02:20:07 packages/intent-swap/.movement/config.yaml - Modified
2025-12-16 02:20:07 packages/intent-swap/Move.toml - Modified
2025-12-16 02:20:07 packages/intent-swap/package.json - Modified
2025-12-16 22:34:56 packages/intent-swap/sources/types.move - Modified
2025-12-16 22:34:56 packages/intent-swap/sources/verifier.move - Modified
2025-12-18 06:28:45 packages/intent-swap/sources/events.move - Modified
2025-12-18 17:11:30 packages/intent-swap/sources/dutch_auction.move - Modified
2025-12-20 07:28:28 packages/intent-swap/sources/escrow.move - Modified
2025-12-19 10:19:32 packages/intent-swap/sources/swap.move - Modified
2025-12-20 15:16:08 packages/intent-swap/tests/scenario_tests.move - Modified
2025-12-20 15:16:08 packages/intent-swap/tests/intent_swap_tests.move - Modified
2025-12-22 08:24:53 packages/intent-swap/scripts/generate_test_signature.js - Modified
2025-12-22 08:24:53 packages/intent-swap/scripts/generate_test_signature_draft.ts - Modified
2025-12-22 08:24:53 packages/intent-swap/scripts/generate_test_signature.ts - Modified
2025-12-22 07:07:46 packages/intent-relayer/package.json - Modified
2025-12-22 07:07:46 packages/intent-relayer/tsconfig.json - Modified
2025-12-22 07:07:46 packages/intent-relayer/.env - Modified
2025-12-23 05:11:21 packages/intent-relayer/src/index.ts - Modified
2025-12-23 09:59:36 packages/intent-relayer/src/services/Relayer.ts - Modified
2025-12-24 23:52:21 packages/intent-relayer/inspect_contract.js - Modified
2025-12-24 23:52:21 packages/intent-relayer/inspect_token.js - Modified
2025-12-24 23:52:21 packages/intent-relayer/inspect_new_tokens.js - Modified
2025-12-24 23:52:21 packages/intent-relayer/get_addr.js - Modified
2025-12-25 22:38:02 packages/intent-relayer/scripts/e2e_full_flow.ts - Modified
2025-12-25 22:38:02 packages/intent-relayer/scripts/get_type_bytes.ts - Modified
2025-12-25 22:38:02 packages/intent-relayer/scripts/test_relay_submission.ts - Modified
2025-12-25 22:38:02 packages/intent-relayer/init_fa.js - Modified
2025-12-25 22:38:02 packages/intent-relayer/check_format.cjs - Modified
2025-12-25 22:38:02 packages/intent-relayer/test_relayer_balance.ts - Modified
2025-12-25 14:13:05 packages/frontend/tsconfig.node.tsbuildinfo - Modified
2025-12-25 14:13:05 packages/frontend/index.html - Modified
2025-12-25 14:13:05 packages/frontend/package.json - Modified
2025-12-25 14:13:05 packages/frontend/tsconfig.node.json - Modified
2025-12-25 14:13:05 packages/frontend/vite.config.ts - Modified
2025-12-25 14:13:05 packages/frontend/tsconfig.json - Modified
2025-12-25 14:13:05 packages/frontend/tsconfig.tsbuildinfo - Modified
2025-12-25 14:13:05 packages/frontend/vite.config.js - Modified
2025-12-26 11:39:09 packages/frontend/components.json - Modified
2025-12-26 11:39:09 packages/frontend/src/index.css - Modified
2025-12-26 11:39:09 packages/frontend/tailwind.config.js - Modified
2025-12-26 11:39:09 packages/frontend/postcss.config.js - Modified
2025-12-27 15:41:51 packages/frontend/src/lib/config.ts - Modified
2025-12-27 15:41:51 packages/frontend/src/lib/pyth.ts - Modified
2025-12-27 15:41:51 packages/frontend/src/lib/utils.ts - Modified
2025-12-27 15:41:51 packages/frontend/src/lib/bcs.ts - Modified
2025-12-27 15:41:51 packages/frontend/src/types/index.ts - Modified
2025-12-29 02:54:06 packages/frontend/src/components/connect-wallet-button.tsx - Modified
2025-12-29 02:54:06 packages/frontend/src/context/wallet-provider.tsx - Modified
2025-12-30 01:34:54 packages/frontend/src/components/ui/drawer.tsx - Modified
2025-12-30 01:34:54 packages/frontend/src/components/ui/sheet.tsx - Modified
2025-12-30 01:34:54 packages/frontend/src/components/ui/tooltip.tsx - Modified
2025-12-30 01:34:54 packages/frontend/src/components/ui/item.tsx - Modified
2025-12-30 01:34:54 packages/frontend/src/components/ui/accordion.tsx - Modified
2025-12-30 01:34:54 packages/frontend/src/components/ui/sidebar.tsx - Modified
2025-12-30 01:34:54 packages/frontend/src/components/ui/button.tsx - Modified
2025-12-30 01:34:54 packages/frontend/src/components/ui/input-group.tsx - Modified
2025-12-30 01:34:54 packages/frontend/src/components/ui/resizable.tsx - Modified
2025-12-30 01:34:54 packages/frontend/src/components/ui/checkbox.tsx - Modified
2025-12-30 01:34:54 packages/frontend/src/components/ui/popover.tsx - Modified
2025-12-30 01:34:54 packages/frontend/src/components/ui/switch.tsx - Modified
2025-12-30 01:34:54 packages/frontend/src/components/ui/textarea.tsx - Modified
2025-12-30 01:34:54 packages/frontend/src/components/ui/slider.tsx - Modified
2025-12-30 01:34:54 packages/frontend/src/components/ui/input-otp.tsx - Modified
2025-12-30 01:34:54 packages/frontend/src/components/ui/kbd.tsx - Modified
2025-12-30 01:34:54 packages/frontend/src/components/ui/toggle-group.tsx - Modified
2025-12-30 01:34:54 packages/frontend/src/components/ui/navigation-menu.tsx - Modified
2025-12-30 01:34:54 packages/frontend/src/components/ui/collapsible.tsx - Modified
2025-12-30 01:34:54 packages/frontend/src/components/ui/badge.tsx - Modified
2025-12-30 01:34:54 packages/frontend/src/components/ui/avatar.tsx - Modified
2025-12-30 01:34:54 packages/frontend/src/components/ui/carousel.tsx - Modified
2025-12-30 01:34:54 packages/frontend/src/components/ui/field.tsx - Modified
2025-12-30 01:34:54 packages/frontend/src/components/ui/aspect-ratio.tsx - Modified
2025-12-30 01:34:54 packages/frontend/src/components/ui/table.tsx - Modified
2025-12-30 01:34:54 packages/frontend/src/components/ui/toggle.tsx - Modified
2025-12-30 01:34:54 packages/frontend/src/components/ui/menubar.tsx - Modified
2025-12-30 01:34:54 packages/frontend/src/components/ui/chart.tsx - Modified
2025-12-30 01:34:54 packages/frontend/src/components/ui/alert-dialog.tsx - Modified
2025-12-30 01:34:54 packages/frontend/src/components/ui/empty.tsx - Modified
2025-12-30 01:34:54 packages/frontend/src/components/ui/card.tsx - Modified
2025-12-30 01:34:54 packages/frontend/src/components/ui/spinner.tsx - Modified
2025-12-30 01:34:54 packages/frontend/src/components/ui/scroll-area.tsx - Modified
2025-12-30 01:34:54 packages/frontend/src/components/ui/radio-group.tsx - Modified
2025-12-30 01:34:54 packages/frontend/src/components/ui/context-menu.tsx - Modified
2025-12-30 01:34:54 packages/frontend/src/components/ui/input.tsx - Modified
2025-12-30 01:34:54 packages/frontend/src/components/ui/tabs.tsx - Modified
2025-12-30 01:34:54 packages/frontend/src/components/ui/pagination.tsx - Modified
2025-12-30 01:34:54 packages/frontend/src/hooks/use-mobile.tsx - Modified
2025-12-30 01:34:54 packages/frontend/src/components/ui/select.tsx - Modified
2025-12-30 01:34:54 packages/frontend/src/components/ui/button-group.tsx - Modified
2025-12-30 01:34:54 packages/frontend/src/components/ui/progress.tsx - Modified
2025-12-30 01:34:54 packages/frontend/src/components/ui/hover-card.tsx - Modified
2025-12-30 01:34:54 packages/frontend/src/components/ui/calendar.tsx - Modified
2025-12-30 01:34:54 packages/frontend/src/components/ui/command.tsx - Modified
2025-12-30 01:34:54 packages/frontend/src/components/ui/dialog.tsx - Modified
2025-12-30 01:34:54 packages/frontend/src/components/ui/separator.tsx - Modified
2025-12-30 01:34:54 packages/frontend/src/components/ui/sonner.tsx - Modified
2025-12-30 01:34:54 packages/frontend/src/components/ui/skeleton.tsx - Modified
2025-12-30 01:34:54 packages/frontend/src/components/ui/breadcrumb.tsx - Modified
2025-12-30 01:34:54 packages/frontend/src/components/ui/label.tsx - Modified
2025-12-30 01:34:54 packages/frontend/src/components/ui/dropdown-menu.tsx - Modified
2025-12-30 01:34:54 packages/frontend/src/components/ui/form.tsx - Modified
2025-12-30 01:34:54 packages/frontend/src/components/ui/alert.tsx - Modified
2025-12-30 11:26:32 packages/frontend/src/context/language-provider.tsx - Modified
2025-12-30 11:26:32 packages/frontend/src/context/theme-provider.tsx - Modified
2025-12-30 11:26:32 packages/frontend/src/components/mode-toggle.tsx - Modified
2025-12-30 20:39:14 packages/frontend/src/context/SwapContext.tsx - Modified
2025-12-31 15:41:17 packages/frontend/src/components/intent-swap/metrics/EscrowBalance.tsx - Modified
2025-12-31 15:41:17 packages/frontend/src/components/intent-swap/OrderList.tsx - Modified
2025-12-31 15:41:17 packages/frontend/src/components/intent-swap/forms/TokenSelector.tsx - Modified
2025-12-31 15:41:17 packages/frontend/src/components/intent-swap/forms/SwapCard.tsx - Modified
2025-12-31 15:41:17 packages/frontend/src/components/intent-swap/metrics/OrderTracker.tsx - Modified
2025-12-31 15:41:17 packages/frontend/src/components/intent-swap/OrderDetails.tsx - Modified
2026-01-01 18:49:57 packages/frontend/src/pages/SwapPage.tsx - Modified
2026-01-01 18:49:57 packages/frontend/src/pages/ResolverPage.tsx - Modified
2026-01-01 18:49:57 packages/frontend/src/pages/OraclePage.tsx - Modified
2026-01-01 18:49:57 packages/frontend/src/pages/OrdersPage.tsx - Modified
2026-01-02 13:46:17 packages/frontend/src/main.tsx - Modified
2026-01-02 13:46:17 packages/frontend/src/App.tsx - Modified
2026-01-03 21:55:48 scripts/test_all.sh - Modified
2026-01-03 21:55:48 scripts/deploy_movement.sh - Modified
2026-01-03 21:55:48 scripts/deploy_evm.sh - Modified
2026-01-03 21:55:48 scripts/deploy_all.sh - Modified
2026-01-05 06:24:40 README.md - Modified
2026-01-05 06:24:40 packages/intent-swap/README.md - Modified
2026-01-05 06:24:40 packages/frontend/README.md - Modified
2026-01-05 21:57:18 project_history.log - Modified
2026-01-05 21:57:18 tx_details.json - Modified